<?xml version="1.0" encoding="UTF-8"?>
<testng-results ignored="0" total="2" passed="2" failed="0" skipped="0">
  <reporter-output>
  </reporter-output>
  <suite started-at="2026-05-09T08:28:09 IST" name="Default suite" finished-at="2026-05-09T08:28:23 IST" duration-ms="13866">
    <groups>
      <group name="cucumber">
        <method signature="AbstractTestNGCucumberTests.runScenario(io.cucumber.testng.PickleWrapper,io.cucumber.testng.FeatureWrapper)[pri:0, instance:com.runner.TestNGRunner@34b9f960]" name="runScenario" class="io.cucumber.testng.AbstractTestNGCucumberTests"/>
      </group> <!-- cucumber -->
    </groups>
    <test started-at="2026-05-09T08:28:09 IST" name="Default test" finished-at="2026-05-09T08:28:23 IST" duration-ms="13866">
      <class name="com.runner.TestNGRunner">
        <test-method is-config="true" signature="setUpClass(org.testng.ITestContext)[pri:0, instance:com.runner.TestNGRunner@34b9f960]" started-at="2026-05-09T08:28:09 IST" name="setUpClass" finished-at="2026-05-09T08:28:10 IST" duration-ms="1112" status="PASS">
          <params>
            <param index="0">
              <value>
                <![CDATA[org.testng.TestRunner@4c0884e8]]>
              </value>
            </param>
          </params>
          <reporter-output>
          </reporter-output>
        </test-method> <!-- setUpClass -->
        <test-method signature="runScenario(io.cucumber.testng.PickleWrapper,io.cucumber.testng.FeatureWrapper)[pri:0, instance:com.runner.TestNGRunner@34b9f960]" started-at="2026-05-09T08:28:10 IST" name="runScenario" description="Runs Cucumber Scenarios" data-provider="scenarios" finished-at="2026-05-09T08:28:23 IST" duration-ms="12530" status="PASS">
          <params>
            <param index="0">
              <value>
                <![CDATA["Login With valid credentials"]]>
              </value>
            </param>
            <param index="1">
              <value>
                <![CDATA["TamilKumar Login Feature"]]>
              </value>
            </param>
          </params>
          <reporter-output>
          </reporter-output>
        </test-method> <!-- runScenario -->
        <test-method signature="runScenario(io.cucumber.testng.PickleWrapper,io.cucumber.testng.FeatureWrapper)[pri:0, instance:com.runner.TestNGRunner@34b9f960]" started-at="2026-05-09T08:28:10 IST" name="runScenario" description="Runs Cucumber Scenarios" data-provider="scenarios" finished-at="2026-05-09T08:28:21 IST" duration-ms="10921" status="PASS">
          <params>
            <param index="0">
              <value>
                <![CDATA["Login with Invalid Credentials"]]>
              </value>
            </param>
            <param index="1">
              <value>
                <![CDATA["TamilKumar Login Feature"]]>
              </value>
            </param>
          </params>
          <reporter-output>
          </reporter-output>
        </test-method> <!-- runScenario -->
        <test-method is-config="true" signature="tearDownClass()[pri:0, instance:com.runner.TestNGRunner@34b9f960]" started-at="2026-05-09T08:28:23 IST" name="tearDownClass" finished-at="2026-05-09T08:28:23 IST" duration-ms="122" status="PASS">
          <reporter-output>
          </reporter-output>
        </test-method> <!-- tearDownClass -->
      </class> <!-- com.runner.TestNGRunner -->
    </test> <!-- Default test -->
  </suite> <!-- Default suite -->
</testng-results>
