<?xml version="1.0" encoding="UTF-8"?>
<!-- Generated by org.testng.reporters.JUnitReportReporter -->
<testsuite hostname="Tony" failures="0" tests="4" name="com.Runner.CucumberReport" time="13.772" errors="0" timestamp="2026-05-13T13:59:55 IST" skipped="0">
  <testcase classname="com.Runner.CucumberReport" name="runScenario" time="7.375"/>
  <testcase classname="com.Runner.CucumberReport" name="runScenario" time="6.369"/>
  <testcase classname="com.Runner.CucumberReport" name="runScenario" time="0.018"/>
  <testcase classname="com.Runner.CucumberReport" name="runScenario" time="0.010"/>
</testsuite> <!-- com.Runner.CucumberReport -->
