<?xml version="1.0" encoding="UTF-8"?>
<testng-results ignored="0" total="2" passed="2" failed="0" skipped="0">
  <reporter-output>
  </reporter-output>
  <suite started-at="2026-05-09T14:58:04 IST" name="Suite" finished-at="2026-05-09T14:58:16 IST" duration-ms="11540">
    <groups>
      <group name="cucumber">
        <method signature="AbstractTestNGCucumberTests.runScenario(io.cucumber.testng.PickleWrapper,io.cucumber.testng.FeatureWrapper)[pri:0, instance:com.runner.TestNGRunner@350aac89]" name="runScenario" class="io.cucumber.testng.AbstractTestNGCucumberTests"/>
      </group> <!-- cucumber -->
    </groups>
    <test started-at="2026-05-09T14:58:04 IST" name="Test" finished-at="2026-05-09T14:58:16 IST" duration-ms="11540">
      <class name="com.runner.TestNGRunner">
        <test-method is-config="true" signature="setUpClass(org.testng.ITestContext)[pri:0, instance:com.runner.TestNGRunner@350aac89]" started-at="2026-05-09T14:58:04 IST" name="setUpClass" finished-at="2026-05-09T14:58:05 IST" duration-ms="1156" status="PASS">
          <params>
            <param index="0">
              <value>
                <![CDATA[org.testng.TestRunner@1b812421]]>
              </value>
            </param>
          </params>
          <reporter-output>
          </reporter-output>
        </test-method> <!-- setUpClass -->
        <test-method signature="runScenario(io.cucumber.testng.PickleWrapper,io.cucumber.testng.FeatureWrapper)[pri:0, instance:com.runner.TestNGRunner@350aac89]" started-at="2026-05-09T14:58:05 IST" name="runScenario" description="Runs Cucumber Scenarios" data-provider="scenarios" finished-at="2026-05-09T14:58:15 IST" duration-ms="10191" status="PASS">
          <params>
            <param index="0">
              <value>
                <![CDATA["Login With valid credentials"]]>
              </value>
            </param>
            <param index="1">
              <value>
                <![CDATA["TamilKumar Login Feature"]]>
              </value>
            </param>
          </params>
          <reporter-output>
          </reporter-output>
        </test-method> <!-- runScenario -->
        <test-method signature="runScenario(io.cucumber.testng.PickleWrapper,io.cucumber.testng.FeatureWrapper)[pri:0, instance:com.runner.TestNGRunner@350aac89]" started-at="2026-05-09T14:58:05 IST" name="runScenario" description="Runs Cucumber Scenarios" data-provider="scenarios" finished-at="2026-05-09T14:58:14 IST" duration-ms="8855" status="PASS">
          <params>
            <param index="0">
              <value>
                <![CDATA["Login with Invalid Credentials"]]>
              </value>
            </param>
            <param index="1">
              <value>
                <![CDATA["TamilKumar Login Feature"]]>
              </value>
            </param>
          </params>
          <reporter-output>
          </reporter-output>
        </test-method> <!-- runScenario -->
        <test-method is-config="true" signature="tearDownClass()[pri:0, instance:com.runner.TestNGRunner@350aac89]" started-at="2026-05-09T14:58:15 IST" name="tearDownClass" finished-at="2026-05-09T14:58:16 IST" duration-ms="112" status="PASS">
          <reporter-output>
          </reporter-output>
        </test-method> <!-- tearDownClass -->
      </class> <!-- com.runner.TestNGRunner -->
    </test> <!-- Test -->
  </suite> <!-- Suite -->
</testng-results>
