<?xml version="1.0" encoding="UTF-8"?>
<!-- Generated by org.testng.reporters.JUnitReportReporter -->
<testsuite hostname="Tony" failures="0" tests="7" name="runner.TestRunner" time="0.237" errors="7" timestamp="2026-05-04T14:39:06 IST" skipped="0">
  <testcase classname="runner.TestRunner" name="runScenario" time="0.153">
    <error message="The step &#039;the user is on the Home Page after login&#039; and 4 other step(s) are undefined.
You can implement these steps using the snippet(s) below:

@Given(&quot;the user is on the Home Page after login&quot;)
public void the_user_is_on_the_home_page_after_login() {
    // Write code here that turns the phrase above into concrete actions
    throw new io.cucumber.java.PendingException();
}
@Given(&quot;the user is on the mabile categories list&quot;)
public void the_user_is_on_the_mabile_categories_list() {
    // Write code here that turns the phrase above into concrete actions
    throw new io.cucumber.java.PendingException();
}
@When(&quot;the user click the {string} mobile&quot;)
public void the_user_click_the_mobile(String string) {
    // Write code here that turns the phrase above into concrete actions
    throw new io.cucumber.java.PendingException();
}
@When(&quot;the user click the {string} button&quot;)
public void the_user_click_the_button(String string) {
    // Write code here that turns the phrase above into concrete actions
    throw new io.cucumber.java.PendingException();
}
@Then(&quot;the product should add on the cart page&quot;)
public void the_product_should_add_on_the_cart_page() {
    // Write code here that turns the phrase above into concrete actions
    throw new io.cucumber.java.PendingException();
}
" type="io.cucumber.testng.UndefinedStepException">
      <![CDATA[io.cucumber.testng.UndefinedStepException: The step 'the user is on the Home Page after login' and 4 other step(s) are undefined.
You can implement these steps using the snippet(s) below:

@Given("the user is on the Home Page after login")
public void the_user_is_on_the_home_page_after_login() {
    // Write code here that turns the phrase above into concrete actions
    throw new io.cucumber.java.PendingException();
}
@Given("the user is on the mabile categories list")
public void the_user_is_on_the_mabile_categories_list() {
    // Write code here that turns the phrase above into concrete actions
    throw new io.cucumber.java.PendingException();
}
@When("the user click the {string} mobile")
public void the_user_click_the_mobile(String string) {
    // Write code here that turns the phrase above into concrete actions
    throw new io.cucumber.java.PendingException();
}
@When("the user click the {string} button")
public void the_user_click_the_button(String string) {
    // Write code here that turns the phrase above into concrete actions
    throw new io.cucumber.java.PendingException();
}
@Then("the product should add on the cart page")
public void the_product_should_add_on_the_cart_page() {
    // Write code here that turns the phrase above into concrete actions
    throw new io.cucumber.java.PendingException();
}

at ✽.the user is on the Home Page after login(file:///C:/Users/jeeva/OneDrive/Desktop/EXPLEO/JAVA%20Selenium/Cucumber/src/test/resources/feature/cart.feature:4)
]]>
    </error>
  </testcase> <!-- runScenario -->
  <testcase classname="runner.TestRunner" name="runScenario" time="0.004">
    <error message="The step &#039;the user click the &quot;mobile&quot; opiton in the categories list&#039; and 1 other step(s) are undefined.
You can implement these steps using the snippet(s) below:

@When(&quot;the user click the {string} opiton in the categories list&quot;)
public void the_user_click_the_opiton_in_the_categories_list(String string) {
    // Write code here that turns the phrase above into concrete actions
    throw new io.cucumber.java.PendingException();
}
@Then(&quot;the webiste should list the only the mobile product&quot;)
public void the_webiste_should_list_the_only_the_mobile_product() {
    // Write code here that turns the phrase above into concrete actions
    throw new io.cucumber.java.PendingException();
}
" type="io.cucumber.testng.UndefinedStepException">
      <![CDATA[io.cucumber.testng.UndefinedStepException: The step 'the user click the "mobile" opiton in the categories list' and 1 other step(s) are undefined.
You can implement these steps using the snippet(s) below:

@When("the user click the {string} opiton in the categories list")
public void the_user_click_the_opiton_in_the_categories_list(String string) {
    // Write code here that turns the phrase above into concrete actions
    throw new io.cucumber.java.PendingException();
}
@Then("the webiste should list the only the mobile product")
public void the_webiste_should_list_the_only_the_mobile_product() {
    // Write code here that turns the phrase above into concrete actions
    throw new io.cucumber.java.PendingException();
}

at ✽.the user click the "mobile" opiton in the categories list(file:///C:/Users/jeeva/OneDrive/Desktop/EXPLEO/JAVA%20Selenium/Cucumber/src/test/resources/feature/categories.feature:10)
]]>
    </error>
  </testcase> <!-- runScenario -->
  <testcase classname="runner.TestRunner" name="runScenario" time="0.005">
    <error message="The step &#039;the user click the &quot;laptop&quot; opiton in the categories list&#039; and 1 other step(s) are undefined.
You can implement these steps using the snippet(s) below:

@When(&quot;the user click the {string} opiton in the categories list&quot;)
public void the_user_click_the_opiton_in_the_categories_list(String string) {
    // Write code here that turns the phrase above into concrete actions
    throw new io.cucumber.java.PendingException();
}
@Then(&quot;the webiste should list the only the laptop product&quot;)
public void the_webiste_should_list_the_only_the_laptop_product() {
    // Write code here that turns the phrase above into concrete actions
    throw new io.cucumber.java.PendingException();
}
" type="io.cucumber.testng.UndefinedStepException">
      <![CDATA[io.cucumber.testng.UndefinedStepException: The step 'the user click the "laptop" opiton in the categories list' and 1 other step(s) are undefined.
You can implement these steps using the snippet(s) below:

@When("the user click the {string} opiton in the categories list")
public void the_user_click_the_opiton_in_the_categories_list(String string) {
    // Write code here that turns the phrase above into concrete actions
    throw new io.cucumber.java.PendingException();
}
@Then("the webiste should list the only the laptop product")
public void the_webiste_should_list_the_only_the_laptop_product() {
    // Write code here that turns the phrase above into concrete actions
    throw new io.cucumber.java.PendingException();
}

at ✽.the user click the "laptop" opiton in the categories list(file:///C:/Users/jeeva/OneDrive/Desktop/EXPLEO/JAVA%20Selenium/Cucumber/src/test/resources/feature/categories.feature:17)
]]>
    </error>
  </testcase> <!-- runScenario -->
  <testcase classname="runner.TestRunner" name="runScenario" time="0.014">
    <error message="The step &#039;the user is on the Home Page after login&#039; and 3 other step(s) are undefined.
You can implement these steps using the snippet(s) below:

@Given(&quot;the user is on the Home Page after login&quot;)
public void the_user_is_on_the_home_page_after_login() {
    // Write code here that turns the phrase above into concrete actions
    throw new io.cucumber.java.PendingException();
}
@Given(&quot;After make Add to cart of a product&quot;)
public void after_make_add_to_cart_of_a_product() {
    // Write code here that turns the phrase above into concrete actions
    throw new io.cucumber.java.PendingException();
}
@When(&quot;the user click the {string} button&quot;)
public void the_user_click_the_button(String string) {
    // Write code here that turns the phrase above into concrete actions
    throw new io.cucumber.java.PendingException();
}
@Then(&quot;the user should see the product in the cart page&quot;)
public void the_user_should_see_the_product_in_the_cart_page() {
    // Write code here that turns the phrase above into concrete actions
    throw new io.cucumber.java.PendingException();
}
" type="io.cucumber.testng.UndefinedStepException">
      <![CDATA[io.cucumber.testng.UndefinedStepException: The step 'the user is on the Home Page after login' and 3 other step(s) are undefined.
You can implement these steps using the snippet(s) below:

@Given("the user is on the Home Page after login")
public void the_user_is_on_the_home_page_after_login() {
    // Write code here that turns the phrase above into concrete actions
    throw new io.cucumber.java.PendingException();
}
@Given("After make Add to cart of a product")
public void after_make_add_to_cart_of_a_product() {
    // Write code here that turns the phrase above into concrete actions
    throw new io.cucumber.java.PendingException();
}
@When("the user click the {string} button")
public void the_user_click_the_button(String string) {
    // Write code here that turns the phrase above into concrete actions
    throw new io.cucumber.java.PendingException();
}
@Then("the user should see the product in the cart page")
public void the_user_should_see_the_product_in_the_cart_page() {
    // Write code here that turns the phrase above into concrete actions
    throw new io.cucumber.java.PendingException();
}

at ✽.the user is on the Home Page after login(file:///C:/Users/jeeva/OneDrive/Desktop/EXPLEO/JAVA%20Selenium/Cucumber/src/test/resources/feature/cart.feature:4)
]]>
    </error>
  </testcase> <!-- runScenario -->
  <testcase classname="runner.TestRunner" name="runScenario" time="0.004">
    <error message="The step &#039;the user click the &quot;monitor&quot; opiton in the categories list&#039; and 1 other step(s) are undefined.
You can implement these steps using the snippet(s) below:

@When(&quot;the user click the {string} opiton in the categories list&quot;)
public void the_user_click_the_opiton_in_the_categories_list(String string) {
    // Write code here that turns the phrase above into concrete actions
    throw new io.cucumber.java.PendingException();
}
@Then(&quot;the webisteshould list the only the monitor product&quot;)
public void the_webisteshould_list_the_only_the_monitor_product() {
    // Write code here that turns the phrase above into concrete actions
    throw new io.cucumber.java.PendingException();
}
" type="io.cucumber.testng.UndefinedStepException">
      <![CDATA[io.cucumber.testng.UndefinedStepException: The step 'the user click the "monitor" opiton in the categories list' and 1 other step(s) are undefined.
You can implement these steps using the snippet(s) below:

@When("the user click the {string} opiton in the categories list")
public void the_user_click_the_opiton_in_the_categories_list(String string) {
    // Write code here that turns the phrase above into concrete actions
    throw new io.cucumber.java.PendingException();
}
@Then("the webisteshould list the only the monitor product")
public void the_webisteshould_list_the_only_the_monitor_product() {
    // Write code here that turns the phrase above into concrete actions
    throw new io.cucumber.java.PendingException();
}

at ✽.the user click the "monitor" opiton in the categories list(file:///C:/Users/jeeva/OneDrive/Desktop/EXPLEO/JAVA%20Selenium/Cucumber/src/test/resources/feature/categories.feature:24)
]]>
    </error>
  </testcase> <!-- runScenario -->
  <testcase classname="runner.TestRunner" name="runScenario" time="0.008">
    <error message="Cannot invoke &quot;org.openqa.selenium.WebDriver.findElement(org.openqa.selenium.By)&quot; because &quot;hooks.Hooks.driver&quot; is null" type="java.lang.NullPointerException">
      <![CDATA[java.lang.NullPointerException: Cannot invoke "org.openqa.selenium.WebDriver.findElement(org.openqa.selenium.By)" because "hooks.Hooks.driver" is null
at stepDefinition.LoginTest.user_in_the_home_page_click_the_login_link_button(LoginTest.java:13)
at ✽.User in the home page click the login link button(file:///C:/Users/jeeva/OneDrive/Desktop/EXPLEO/JAVA%20Selenium/Cucumber/src/test/resources/feature/login.feature:5)
]]>
    </error>
  </testcase> <!-- runScenario -->
  <testcase classname="runner.TestRunner" name="runScenario" time="0.049">
    <error message="Cannot invoke &quot;org.openqa.selenium.WebDriver.findElement(org.openqa.selenium.By)&quot; because &quot;hooks.Hooks.driver&quot; is null" type="java.lang.NullPointerException">
      <![CDATA[java.lang.NullPointerException: Cannot invoke "org.openqa.selenium.WebDriver.findElement(org.openqa.selenium.By)" because "hooks.Hooks.driver" is null
at stepDefinition.LoginTest.user_in_the_home_page_click_the_login_link_button(LoginTest.java:13)
at ✽.User in the home page click the login link button(file:///C:/Users/jeeva/OneDrive/Desktop/EXPLEO/JAVA%20Selenium/Cucumber/src/test/resources/feature/login.feature:5)
]]>
    </error>
  </testcase> <!-- runScenario -->
</testsuite> <!-- runner.TestRunner -->
