<?xml version="1.0" encoding="UTF-8"?>
<!-- Generated by org.testng.reporters.JUnitReportReporter -->
<testsuite hostname="LAPTOP-E70RRGE0" failures="0" tests="3" name="runner.TestNGRunner" time="21.919" errors="0" timestamp="2026-05-06T19:18:07 IST" skipped="0">
  <testcase classname="runner.TestNGRunner" name="runScenario" time="6.247"/>
  <testcase classname="runner.TestNGRunner" name="runScenario" time="7.633"/>
  <testcase classname="runner.TestNGRunner" name="runScenario" time="8.039"/>
</testsuite> <!-- runner.TestNGRunner -->
