<?xml version="1.0" encoding="UTF-8"?>
<testng-results ignored="0" total="4" passed="4" failed="0" skipped="0">
  <reporter-output>
  </reporter-output>
  <suite started-at="2026-05-13T13:59:41 IST" name="Default suite" finished-at="2026-05-13T13:59:55 IST" duration-ms="14265">
    <groups>
      <group name="cucumber">
        <method signature="AbstractTestNGCucumberTests.runScenario(io.cucumber.testng.PickleWrapper,io.cucumber.testng.FeatureWrapper)[pri:0, instance:com.Runner.CucumberReport@74f6c5d8]" name="runScenario" class="io.cucumber.testng.AbstractTestNGCucumberTests"/>
      </group> <!-- cucumber -->
    </groups>
    <test started-at="2026-05-13T13:59:41 IST" name="Default test" finished-at="2026-05-13T13:59:55 IST" duration-ms="14265">
      <class name="com.Runner.CucumberReport">
        <test-method is-config="true" signature="setUpClass(org.testng.ITestContext)[pri:0, instance:com.Runner.CucumberReport@74f6c5d8]" started-at="2026-05-13T13:59:41 IST" name="setUpClass" finished-at="2026-05-13T13:59:41 IST" duration-ms="376" status="PASS">
          <params>
            <param index="0">
              <value>
                <![CDATA[org.testng.TestRunner@5c7668ba]]>
              </value>
            </param>
          </params>
          <reporter-output>
          </reporter-output>
        </test-method> <!-- setUpClass -->
        <test-method signature="runScenario(io.cucumber.testng.PickleWrapper,io.cucumber.testng.FeatureWrapper)[pri:0, instance:com.Runner.CucumberReport@74f6c5d8]" started-at="2026-05-13T13:59:41 IST" name="runScenario" description="Runs Cucumber Scenarios" data-provider="scenarios" finished-at="2026-05-13T13:59:49 IST" duration-ms="7375" status="PASS">
          <params>
            <param index="0">
              <value>
                <![CDATA["login with valid data"]]>
              </value>
            </param>
            <param index="1">
              <value>
                <![CDATA["Jeeva Pranesh 12-05-2026_login to tutorial ninja"]]>
              </value>
            </param>
          </params>
          <reporter-output>
          </reporter-output>
        </test-method> <!-- runScenario -->
        <test-method signature="runScenario(io.cucumber.testng.PickleWrapper,io.cucumber.testng.FeatureWrapper)[pri:0, instance:com.Runner.CucumberReport@74f6c5d8]" started-at="2026-05-13T13:59:49 IST" name="runScenario" description="Runs Cucumber Scenarios" data-provider="scenarios" finished-at="2026-05-13T13:59:49 IST" duration-ms="10" status="PASS">
          <params>
            <param index="0">
              <value>
                <![CDATA[""]]>
              </value>
            </param>
            <param index="1">
              <value>
                <![CDATA["Jeeva Pranesh 12-05-2026_login to tutorial ninja"]]>
              </value>
            </param>
          </params>
          <reporter-output>
          </reporter-output>
        </test-method> <!-- runScenario -->
        <test-method signature="runScenario(io.cucumber.testng.PickleWrapper,io.cucumber.testng.FeatureWrapper)[pri:0, instance:com.Runner.CucumberReport@74f6c5d8]" started-at="2026-05-13T13:59:49 IST" name="runScenario" description="Runs Cucumber Scenarios" data-provider="scenarios" finished-at="2026-05-13T13:59:55 IST" duration-ms="6369" status="PASS">
          <params>
            <param index="0">
              <value>
                <![CDATA["login with invalid data"]]>
              </value>
            </param>
            <param index="1">
              <value>
                <![CDATA["Jeeva Pranesh 12-05-2026_login to tutorial ninja"]]>
              </value>
            </param>
          </params>
          <reporter-output>
          </reporter-output>
        </test-method> <!-- runScenario -->
        <test-method signature="runScenario(io.cucumber.testng.PickleWrapper,io.cucumber.testng.FeatureWrapper)[pri:0, instance:com.Runner.CucumberReport@74f6c5d8]" started-at="2026-05-13T13:59:55 IST" name="runScenario" description="Runs Cucumber Scenarios" data-provider="scenarios" finished-at="2026-05-13T13:59:55 IST" duration-ms="18" status="PASS">
          <params>
            <param index="0">
              <value>
                <![CDATA[""]]>
              </value>
            </param>
            <param index="1">
              <value>
                <![CDATA["Jeeva Pranesh 12-05-2026_login to tutorial ninja"]]>
              </value>
            </param>
          </params>
          <reporter-output>
          </reporter-output>
        </test-method> <!-- runScenario -->
        <test-method is-config="true" signature="tearDownClass()[pri:0, instance:com.Runner.CucumberReport@74f6c5d8]" started-at="2026-05-13T13:59:55 IST" name="tearDownClass" finished-at="2026-05-13T13:59:55 IST" duration-ms="5" status="PASS">
          <reporter-output>
          </reporter-output>
        </test-method> <!-- tearDownClass -->
      </class> <!-- com.Runner.CucumberReport -->
    </test> <!-- Default test -->
  </suite> <!-- Default suite -->
</testng-results>
